<?xml version="1.0" encoding="UTF-8"?>
<testsuite xmlns:xsi="http://www.w3.org/2001/XMLSchema-instance" xsi:noNamespaceSchemaLocation="https://maven.apache.org/surefire/maven-surefire-plugin/xsd/surefire-test-report.xsd" name="com.citi.testRunner.TestRunner" time="94.117" tests="13" errors="0" skipped="0" failures="0">
  <properties>
[...]
</properties>
  <testcase name="Login with Valid Credentials #1" classname="Login Funcationality" time="7.445"/>
  <testcase name="Login with Valid Credentials #2" classname="Login Funcationality" time="8.256"/>
  <testcase name="Login with Invalid Credentials" classname="Login Funcationality" time="6.89"/>
  <testcase name="Login with valid email and invalid password" classname="Login Funcationality" time="6.538"/>
  <testcase name="Login with invalid email and valid password" classname="Login Funcationality" time="8.862"/>
  <testcase name="Login without providing any credentials" classname="Login Funcationality" time="7.339"/>
  <testcase name="User creates an account only with mandatory fields" classname="Registration Functionality" time="8.201"/>
  <testcase name="User creates an account with all fields" classname="Registration Functionality" time="8.065"/>
  <testcase name="User creates a duplicate account" classname="Registration Functionality" time="8.443"/>
  <testcase name="User creates an account without filling any details" classname="Registration Functionality" time="6.371"/>
  <testcase name="User searches for a valid product" classname="Search Functionality" time="5.318"/>
  <testcase name="User searches for an invalid product" classname="Search Functionality" time="4.757"/>
  <testcase name="User searches without any product" classname="Search Functionality" time="4.441"/>
</testsuite>